2024-08-28 17:57:35,497 - INFO - Saved stations for Andorra to rml-radio/lua/radio/stations\andorra.lua
2024-08-28 17:57:37,839 - INFO - Saved stations for The United Arab Emirates to rml-radio/lua/radio/stations\the_united_arab_emirates.lua
2024-08-28 17:57:40,077 - INFO - Saved stations for Afghanistan to rml-radio/lua/radio/stations\afghanistan.lua
2024-08-28 17:57:42,240 - INFO - Saved stations for Antigua And Barbuda to rml-radio/lua/radio/stations\antigua_and_barbuda.lua
2024-08-28 17:57:44,394 - INFO - Saved stations for Anguilla to rml-radio/lua/radio/stations\anguilla.lua
2024-08-28 17:57:46,593 - INFO - Saved stations for Albania to rml-radio/lua/radio/stations\albania.lua
2024-08-28 17:57:48,782 - INFO - Saved stations for Armenia to rml-radio/lua/radio/stations\armenia.lua
2024-08-28 17:58:01,346 - ERROR - Request error occurred for : 
2024-08-28 17:58:03,614 - INFO - Saved stations for Angola to rml-radio/lua/radio/stations\angola.lua
2024-08-28 17:58:05,767 - INFO - Saved stations for Antarctica to rml-radio/lua/radio/stations\antarctica.lua
2024-08-28 17:58:09,055 - INFO - Saved stations for Argentina to rml-radio/lua/radio/stations\argentina.lua
2024-08-28 17:58:11,212 - INFO - Saved stations for American Samoa to rml-radio/lua/radio/stations\american_samoa.lua
2024-08-28 17:58:13,830 - INFO - Saved stations for Austria to rml-radio/lua/radio/stations\austria.lua
2024-08-28 17:58:18,002 - INFO - Saved stations for Australia to rml-radio/lua/radio/stations\australia.lua
2024-08-28 17:58:20,176 - INFO - Saved stations for Aruba to rml-radio/lua/radio/stations\aruba.lua
2024-08-28 17:58:22,305 - INFO - Saved stations for Aland Islands to rml-radio/lua/radio/stations\aland_islands.lua
2024-08-28 17:58:24,478 - INFO - Saved stations for Azerbaijan to rml-radio/lua/radio/stations\azerbaijan.lua
2024-08-28 17:58:26,796 - INFO - Saved stations for Bosnia And Herzegovina to rml-radio/lua/radio/stations\bosnia_and_herzegovina.lua
2024-08-28 17:58:28,947 - INFO - Saved stations for Barbados to rml-radio/lua/radio/stations\barbados.lua
2024-08-28 17:58:31,140 - INFO - Saved stations for Bangladesh to rml-radio/lua/radio/stations\bangladesh.lua
2024-08-28 17:58:33,882 - INFO - Saved stations for Belgium to rml-radio/lua/radio/stations\belgium.lua
2024-08-28 17:58:36,032 - INFO - Saved stations for Burkina Faso to rml-radio/lua/radio/stations\burkina_faso.lua
